[01m[K/home/ceadman111/Crossing-Box-Frame/src/rectangle/src/cross_rectangle.cpp:[m[K In function ‘[01m[Kvoid image_cb(const ConstPtr&)[m[K’:
[01m[K/home/ceadman111/Crossing-Box-Frame/src/rectangle/src/cross_rectangle.cpp:186:59:[m[K [01;31m[Kerror: [m[Kinvalid conversion from ‘[01m[Kint32_t[m[K’ {aka ‘[01m[Kint[m[K’} to ‘[01m[Kconst char*[m[K’ [[01;31m[K-fpermissive[m[K]
  186 |             printf([01;31m[K(ros::Time::now() - last_detect_frame).sec[m[K);
      |                    [01;31m[K~~~~~~~~~~~~~~~~~~~~~~~~~~~~~~~~~~~~~~~^~~[m[K
      |                                                           [01;31m[K|[m[K
      |                                                           [01;31m[Kint32_t {aka int}[m[K
In file included from [01m[K/usr/include/c++/9/cstdio:42[m[K,
                 from [01m[K/usr/include/c++/9/ext/string_conversions.h:43[m[K,
                 from [01m[K/usr/include/c++/9/bits/basic_string.h:6496[m[K,
                 from [01m[K/usr/include/c++/9/string:55[m[K,
                 from [01m[K/opt/ros/noetic/include/ros/platform.h:38[m[K,
                 from [01m[K/opt/ros/noetic/include/ros/time.h:53[m[K,
                 from [01m[K/opt/ros/noetic/include/ros/ros.h:38[m[K,
                 from [01m[K/home/ceadman111/Crossing-Box-Frame/src/rectangle/src/cross_rectangle.cpp:1[m[K:
[01m[K/usr/include/stdio.h:332:43:[m[K [01;36m[Knote: [m[K  initializing argument 1 of ‘[01m[Kint printf(const char*, ...)[m[K’
  332 | extern int printf ([01;36m[Kconst char *__restrict __format[m[K, ...);
      |                    [01;36m[K~~~~~~~~~~~~~~~~~~~~~~~^~~~~~~~[m[K
[01m[K/home/ceadman111/Crossing-Box-Frame/src/rectangle/src/cross_rectangle.cpp:186:62:[m[K [01;35m[Kwarning: [m[Kformat not a string literal and no format arguments [[01;35m[K-Wformat-security[m[K]
  186 |             printf((ros::Time::now() - last_detect_frame).sec[01;35m[K)[m[K;
      |                                                              [01;35m[K^[m[K
make[2]: *** [CMakeFiles/cross_rectangle.dir/build.make:63：CMakeFiles/cross_rectangle.dir/src/cross_rectangle.cpp.o] 错误 1
make[1]: *** [CMakeFiles/Makefile2:210：CMakeFiles/cross_rectangle.dir/all] 错误 2
make: *** [Makefile:141：all] 错误 2
